build/app/intermediates/manifest_merge_blame_file/release/manifest-merger-blame-release-report.txt
1<?xml version="1.0" encoding="utf-8"?>
2<manifest xmlns:android="http://schemas.android.com/apk/res/android"
3    package="com.pinnacle.share"
4    android:versionCode="3"
5    android:versionName="1.0.3" >
6
7    <uses-sdk
8        android:minSdkVersion="16"
8-->src\main\AndroidManifest.xml
9        android:targetSdkVersion="28" />
9-->src\main\AndroidManifest.xml
10
11    <uses-permission android:name="android.permission.INTERNET" />
11-->[:firebase_admob] AndroidManifest.xml:7:5-67
11-->[:firebase_admob] AndroidManifest.xml:7:22-64
12    <uses-permission android:name="android.permission.ACCESS_NETWORK_STATE" />
12-->[com.google.android.gms:play-services-ads-lite:18.1.1] AndroidManifest.xml:24:5-79
12-->[com.google.android.gms:play-services-ads-lite:18.1.1] AndroidManifest.xml:24:22-76
13    <uses-permission android:name="android.permission.WAKE_LOCK" />
13-->[com.google.android.gms:play-services-measurement:17.2.2] AndroidManifest.xml:25:5-68
13-->[com.google.android.gms:play-services-measurement:17.2.2] AndroidManifest.xml:25:22-65
14    <uses-permission android:name="com.google.android.finsky.permission.BIND_GET_INSTALL_REFERRER_SERVICE" /> <!-- Required by older versions of Google Play services to create IID tokens -->
14-->[com.google.android.gms:play-services-measurement:17.2.2] AndroidManifest.xml:26:5-110
14-->[com.google.android.gms:play-services-measurement:17.2.2] AndroidManifest.xml:26:22-107
15    <uses-permission android:name="com.google.android.c2dm.permission.RECEIVE" />
15-->[com.google.firebase:firebase-iid:20.0.2] AndroidManifest.xml:26:5-82
15-->[com.google.firebase:firebase-iid:20.0.2] AndroidManifest.xml:26:22-79
16    <!--
17 io.flutter.app.FlutterApplication is an android.app.Application that
18         calls FlutterMain.startInitialization(this); in its onCreate method.
19         In most cases you can leave this as-is, but you if you want to provide
20         additional functionality it is fine to subclass or reimplement
21         FlutterApplication and put your custom class here.
22    -->
23    <application
23-->src\main\AndroidManifest.xml:8:5-32:19
24        android:name="io.flutter.app.FlutterApplication"
24-->src\main\AndroidManifest.xml:9:9-57
25        android:appComponentFactory="androidx.core.app.CoreComponentFactory"
25-->[androidx.core:core:1.1.0] AndroidManifest.xml:24:18-86
26        android:icon="@mipmap/ic_launcher"
26-->src\main\AndroidManifest.xml:11:9-43
27        android:label="Pinnacle" >
27-->src\main\AndroidManifest.xml:10:9-33
28        <meta-data
28-->src\main\AndroidManifest.xml:12:9-14:69
29            android:name="com.google.android.gms.ads.APPLICATION_ID"
29-->src\main\AndroidManifest.xml:13:13-69
30            android:value="ca-app-pub-9964647684084048~8914317121" />
30-->src\main\AndroidManifest.xml:14:13-67
31
32        <activity
32-->src\main\AndroidManifest.xml:15:9-26:20
33            android:name="com.pinnacle.share.MainActivity"
33-->src\main\AndroidManifest.xml:16:13-41
34            android:configChanges="orientation|keyboardHidden|keyboard|screenSize|smallestScreenSize|locale|layoutDirection|fontScale|screenLayout|density|uiMode"
34-->src\main\AndroidManifest.xml:19:13-163
35            android:hardwareAccelerated="true"
35-->src\main\AndroidManifest.xml:20:13-47
36            android:launchMode="singleTop"
36-->src\main\AndroidManifest.xml:17:13-43
37            android:theme="@style/LaunchTheme"
37-->src\main\AndroidManifest.xml:18:13-47
38            android:windowSoftInputMode="adjustResize" >
38-->src\main\AndroidManifest.xml:21:13-55
39            <intent-filter>
39-->src\main\AndroidManifest.xml:22:13-25:29
40                <action android:name="android.intent.action.MAIN" />
40-->src\main\AndroidManifest.xml:23:17-68
40-->src\main\AndroidManifest.xml:23:25-66
41
42                <category android:name="android.intent.category.LAUNCHER" />
42-->src\main\AndroidManifest.xml:24:17-76
42-->src\main\AndroidManifest.xml:24:27-74
43            </intent-filter>
44        </activity>
45        <!--
46             Don't delete the meta-data below.
47             This is used by the Flutter tool to generate GeneratedPluginRegistrant.java
48        -->
49        <meta-data
49-->src\main\AndroidManifest.xml:29:9-31:33
50            android:name="flutterEmbedding"
50-->src\main\AndroidManifest.xml:30:13-44
51            android:value="2" />
51-->src\main\AndroidManifest.xml:31:13-30
52
53        <service
53-->[:firebase_core] AndroidManifest.xml:8:9-12:19
54            android:name="com.google.firebase.components.ComponentDiscoveryService"
54-->[:firebase_core] AndroidManifest.xml:8:18-89
55            android:directBootAware="true"
55-->[com.google.firebase:firebase-common:19.3.0] AndroidManifest.xml:34:13-43
56            android:exported="false" >
56-->[com.google.android.gms:play-services-measurement-api:17.2.2] AndroidManifest.xml:29:13-37
57            <meta-data
57-->[:firebase_core] AndroidManifest.xml:9:13-11:85
58                android:name="com.google.firebase.components:io.flutter.plugins.firebase.core.FlutterFirebaseAppRegistrar"
58-->[:firebase_core] AndroidManifest.xml:10:17-123
59                android:value="com.google.firebase.components.ComponentRegistrar" />
59-->[:firebase_core] AndroidManifest.xml:11:17-82
60            <meta-data
60-->[com.google.android.gms:play-services-measurement-api:17.2.2] AndroidManifest.xml:30:13-32:85
61                android:name="com.google.firebase.components:com.google.firebase.analytics.connector.internal.AnalyticsConnectorRegistrar"
61-->[com.google.android.gms:play-services-measurement-api:17.2.2] AndroidManifest.xml:31:17-139
62                android:value="com.google.firebase.components.ComponentRegistrar" />
62-->[com.google.android.gms:play-services-measurement-api:17.2.2] AndroidManifest.xml:32:17-82
63            <meta-data
63-->[com.google.firebase:firebase-iid:20.0.2] AndroidManifest.xml:32:13-34:85
64                android:name="com.google.firebase.components:com.google.firebase.iid.Registrar"
64-->[com.google.firebase:firebase-iid:20.0.2] AndroidManifest.xml:33:17-96
65                android:value="com.google.firebase.components.ComponentRegistrar" />
65-->[com.google.firebase:firebase-iid:20.0.2] AndroidManifest.xml:34:17-82
66        </service> <!-- Include the AdActivity and InAppPurchaseActivity configChanges and themes. -->
67        <activity
67-->[com.google.android.gms:play-services-ads-lite:18.1.1] AndroidManifest.xml:29:9-33:64
68            android:name="com.google.android.gms.ads.AdActivity"
68-->[com.google.android.gms:play-services-ads-lite:18.1.1] AndroidManifest.xml:30:13-65
69            android:configChanges="keyboard|keyboardHidden|orientation|screenLayout|uiMode|screenSize|smallestScreenSize"
69-->[com.google.android.gms:play-services-ads-lite:18.1.1] AndroidManifest.xml:31:13-122
70            android:exported="false"
70-->[com.google.android.gms:play-services-ads-lite:18.1.1] AndroidManifest.xml:32:13-37
71            android:theme="@android:style/Theme.Translucent" />
71-->[com.google.android.gms:play-services-ads-lite:18.1.1] AndroidManifest.xml:33:13-61
72
73        <provider
73-->[com.google.android.gms:play-services-ads-lite:18.1.1] AndroidManifest.xml:35:9-39:39
74            android:name="com.google.android.gms.ads.MobileAdsInitProvider"
74-->[com.google.android.gms:play-services-ads-lite:18.1.1] AndroidManifest.xml:36:13-76
75            android:authorities="com.pinnacle.share.mobileadsinitprovider"
75-->[com.google.android.gms:play-services-ads-lite:18.1.1] AndroidManifest.xml:37:13-73
76            android:exported="false"
76-->[com.google.android.gms:play-services-ads-lite:18.1.1] AndroidManifest.xml:38:13-37
77            android:initOrder="100" />
77-->[com.google.android.gms:play-services-ads-lite:18.1.1] AndroidManifest.xml:39:13-36
78
79        <receiver
79-->[com.google.android.gms:play-services-measurement:17.2.2] AndroidManifest.xml:29:9-33:20
80            android:name="com.google.android.gms.measurement.AppMeasurementReceiver"
80-->[com.google.android.gms:play-services-measurement:17.2.2] AndroidManifest.xml:30:13-85
81            android:enabled="true"
81-->[com.google.android.gms:play-services-measurement:17.2.2] AndroidManifest.xml:31:13-35
82            android:exported="false" >
82-->[com.google.android.gms:play-services-measurement:17.2.2] AndroidManifest.xml:32:13-37
83        </receiver>
84        <receiver
84-->[com.google.android.gms:play-services-measurement:17.2.2] AndroidManifest.xml:34:9-42:20
85            android:name="com.google.android.gms.measurement.AppMeasurementInstallReferrerReceiver"
85-->[com.google.android.gms:play-services-measurement:17.2.2] AndroidManifest.xml:35:13-100
86            android:enabled="true"
86-->[com.google.android.gms:play-services-measurement:17.2.2] AndroidManifest.xml:36:13-35
87            android:exported="true"
87-->[com.google.android.gms:play-services-measurement:17.2.2] AndroidManifest.xml:37:13-36
88            android:permission="android.permission.INSTALL_PACKAGES" >
88-->[com.google.android.gms:play-services-measurement:17.2.2] AndroidManifest.xml:38:13-69
89            <intent-filter>
89-->[com.google.android.gms:play-services-measurement:17.2.2] AndroidManifest.xml:39:13-41:29
90                <action android:name="com.android.vending.INSTALL_REFERRER" />
90-->[com.google.android.gms:play-services-measurement:17.2.2] AndroidManifest.xml:40:17-79
90-->[com.google.android.gms:play-services-measurement:17.2.2] AndroidManifest.xml:40:25-76
91            </intent-filter>
92        </receiver>
93
94        <service
94-->[com.google.android.gms:play-services-measurement:17.2.2] AndroidManifest.xml:44:9-47:40
95            android:name="com.google.android.gms.measurement.AppMeasurementService"
95-->[com.google.android.gms:play-services-measurement:17.2.2] AndroidManifest.xml:45:13-84
96            android:enabled="true"
96-->[com.google.android.gms:play-services-measurement:17.2.2] AndroidManifest.xml:46:13-35
97            android:exported="false" />
97-->[com.google.android.gms:play-services-measurement:17.2.2] AndroidManifest.xml:47:13-37
98        <service
98-->[com.google.android.gms:play-services-measurement:17.2.2] AndroidManifest.xml:48:9-52:72
99            android:name="com.google.android.gms.measurement.AppMeasurementJobService"
99-->[com.google.android.gms:play-services-measurement:17.2.2] AndroidManifest.xml:49:13-87
100            android:enabled="true"
100-->[com.google.android.gms:play-services-measurement:17.2.2] AndroidManifest.xml:50:13-35
101            android:exported="false"
101-->[com.google.android.gms:play-services-measurement:17.2.2] AndroidManifest.xml:51:13-37
102            android:permission="android.permission.BIND_JOB_SERVICE" />
102-->[com.google.android.gms:play-services-measurement:17.2.2] AndroidManifest.xml:52:13-69
103
104        <receiver
104-->[com.google.firebase:firebase-iid:20.0.2] AndroidManifest.xml:37:9-44:20
105            android:name="com.google.firebase.iid.FirebaseInstanceIdReceiver"
105-->[com.google.firebase:firebase-iid:20.0.2] AndroidManifest.xml:38:13-78
106            android:exported="true"
106-->[com.google.firebase:firebase-iid:20.0.2] AndroidManifest.xml:39:13-36
107            android:permission="com.google.android.c2dm.permission.SEND" >
107-->[com.google.firebase:firebase-iid:20.0.2] AndroidManifest.xml:40:13-73
108            <intent-filter>
108-->[com.google.firebase:firebase-iid:20.0.2] AndroidManifest.xml:41:13-43:29
109                <action android:name="com.google.android.c2dm.intent.RECEIVE" />
109-->[com.google.firebase:firebase-iid:20.0.2] AndroidManifest.xml:42:17-81
109-->[com.google.firebase:firebase-iid:20.0.2] AndroidManifest.xml:42:25-78
110            </intent-filter>
111        </receiver>
112
113        <provider
113-->[com.google.firebase:firebase-common:19.3.0] AndroidManifest.xml:26:9-30:39
114            android:name="com.google.firebase.provider.FirebaseInitProvider"
114-->[com.google.firebase:firebase-common:19.3.0] AndroidManifest.xml:27:13-77
115            android:authorities="com.pinnacle.share.firebaseinitprovider"
115-->[com.google.firebase:firebase-common:19.3.0] AndroidManifest.xml:28:13-72
116            android:exported="false"
116-->[com.google.firebase:firebase-common:19.3.0] AndroidManifest.xml:29:13-37
117            android:initOrder="100" />
117-->[com.google.firebase:firebase-common:19.3.0] AndroidManifest.xml:30:13-36
118
119        <activity
119-->[com.google.android.gms:play-services-base:17.0.0] AndroidManifest.xml:23:9-26:75
120            android:name="com.google.android.gms.common.api.GoogleApiActivity"
120-->[com.google.android.gms:play-services-base:17.0.0] AndroidManifest.xml:24:13-79
121            android:exported="false"
121-->[com.google.android.gms:play-services-base:17.0.0] AndroidManifest.xml:25:13-37
122            android:theme="@android:style/Theme.Translucent.NoTitleBar" />
122-->[com.google.android.gms:play-services-base:17.0.0] AndroidManifest.xml:26:13-72
123
124        <meta-data
124-->[com.google.android.gms:play-services-basement:17.0.0] AndroidManifest.xml:23:9-25:69
125            android:name="com.google.android.gms.version"
125-->[com.google.android.gms:play-services-basement:17.0.0] AndroidManifest.xml:24:13-58
126            android:value="@integer/google_play_services_version" />
126-->[com.google.android.gms:play-services-basement:17.0.0] AndroidManifest.xml:25:13-66
127    </application>
128
129</manifest>